<?xml version="1.0" encoding="UTF-8"?>
<!-- Generated by org.testng.reporters.JUnitXMLReporter -->
<testsuite ignored="0" hostname="ZMO-MC-SusmitaD-01s-Mac-mini.local" failures="0" tests="6" name="Command line test" time="0.028" errors="0" timestamp="07 Dec 2021 06:10:23 GMT">
  <testcase classname="SushmitaD.Mavenjava.AppiumTest" name="IOSApps" time="0.006"/>
  <testcase classname="SushmitaD.Mavenjava.AppiumTest" name="NativeAppAndroid" time="0.0"/>
  <testcase classname="SushmitaD.Mavenjava.SeleniumTest" name="BrowserAutomation" time="0.0"/>
  <testcase classname="SushmitaD.Mavenjava.SeleniumTest" name="elementsUi" time="0.0"/>
  <testcase classname="SushmitaD.Mavenjava.RESTAPITest" name="deleteTwitter" time="0.0"/>
  <testcase classname="SushmitaD.Mavenjava.RESTAPITest" name="postJira" time="0.0"/>
</testsuite> <!-- Command line test -->
