<?xml version="1.0" encoding="UTF-8"?>
<testng-results ignored="0" total="6" passed="6" failed="0" skipped="0">
  <reporter-output>
  </reporter-output>
  <suite started-at="2021-12-07T06:10:18Z" name="Command line suite" finished-at="2021-12-07T06:10:18Z" duration-ms="28">
    <groups>
    </groups>
    <test started-at="2021-12-07T06:10:18Z" name="Command line test" finished-at="2021-12-07T06:10:18Z" duration-ms="28">
      <class name="SushmitaD.Mavenjava.RESTAPITest">
        <test-method signature="postJira()[pri:0, instance:SushmitaD.Mavenjava.RESTAPITest@7a1ebcd8]" started-at="2021-12-07T06:10:18Z" name="postJira" finished-at="2021-12-07T06:10:18Z" duration-ms="0" status="PASS">
          <reporter-output>
          </reporter-output>
        </test-method> <!-- postJira -->
        <test-method signature="deleteTwitter()[pri:0, instance:SushmitaD.Mavenjava.RESTAPITest@7a1ebcd8]" started-at="2021-12-07T06:10:18Z" name="deleteTwitter" finished-at="2021-12-07T06:10:18Z" duration-ms="0" status="PASS">
          <reporter-output>
          </reporter-output>
        </test-method> <!-- deleteTwitter -->
      </class> <!-- SushmitaD.Mavenjava.RESTAPITest -->
      <class name="SushmitaD.Mavenjava.AppiumTest">
        <test-method signature="IOSApps()[pri:0, instance:SushmitaD.Mavenjava.AppiumTest@11438d26]" started-at="2021-12-07T06:10:18Z" name="IOSApps" finished-at="2021-12-07T06:10:18Z" duration-ms="6" status="PASS">
          <reporter-output>
          </reporter-output>
        </test-method> <!-- IOSApps -->
        <test-method signature="NativeAppAndroid()[pri:0, instance:SushmitaD.Mavenjava.AppiumTest@11438d26]" started-at="2021-12-07T06:10:18Z" name="NativeAppAndroid" finished-at="2021-12-07T06:10:18Z" duration-ms="0" status="PASS">
          <reporter-output>
          </reporter-output>
        </test-method> <!-- NativeAppAndroid -->
      </class> <!-- SushmitaD.Mavenjava.AppiumTest -->
      <class name="SushmitaD.Mavenjava.SeleniumTest">
        <test-method signature="BrowserAutomation()[pri:0, instance:SushmitaD.Mavenjava.SeleniumTest@34cd072c]" started-at="2021-12-07T06:10:18Z" name="BrowserAutomation" finished-at="2021-12-07T06:10:18Z" duration-ms="0" status="PASS">
          <reporter-output>
          </reporter-output>
        </test-method> <!-- BrowserAutomation -->
        <test-method signature="elementsUi()[pri:0, instance:SushmitaD.Mavenjava.SeleniumTest@34cd072c]" started-at="2021-12-07T06:10:18Z" name="elementsUi" finished-at="2021-12-07T06:10:18Z" duration-ms="0" status="PASS">
          <reporter-output>
          </reporter-output>
        </test-method> <!-- elementsUi -->
      </class> <!-- SushmitaD.Mavenjava.SeleniumTest -->
    </test> <!-- Command line test -->
  </suite> <!-- Command line suite -->
</testng-results>
