<?xml version="1.0" encoding="UTF-8"?>
<testng-results ignored="0" total="2" passed="2" failed="0" skipped="0">
  <reporter-output>
  </reporter-output>
  <suite started-at="2021-12-06T11:27:19 IST" name="Default suite" finished-at="2021-12-06T11:27:19 IST" duration-ms="57">
    <groups>
    </groups>
    <test started-at="2021-12-06T11:27:19 IST" name="Default test" finished-at="2021-12-06T11:27:19 IST" duration-ms="57">
      <class name="SushmitaD.Mavenjava.SeleniumTest">
        <test-method signature="BrowserAutomation()[pri:0, instance:SushmitaD.Mavenjava.SeleniumTest@50b5ac82]" started-at="2021-12-06T11:27:19 IST" name="BrowserAutomation" finished-at="2021-12-06T11:27:19 IST" duration-ms="21" status="PASS">
          <reporter-output>
          </reporter-output>
        </test-method> <!-- BrowserAutomation -->
        <test-method signature="elementsUi()[pri:0, instance:SushmitaD.Mavenjava.SeleniumTest@50b5ac82]" started-at="2021-12-06T11:27:19 IST" name="elementsUi" finished-at="2021-12-06T11:27:19 IST" duration-ms="1" status="PASS">
          <reporter-output>
          </reporter-output>
        </test-method> <!-- elementsUi -->
      </class> <!-- SushmitaD.Mavenjava.SeleniumTest -->
    </test> <!-- Default test -->
  </suite> <!-- Default suite -->
</testng-results>
